<?xml version="1.0" encoding="UTF-8"?>
<!-- Generated by org.testng.reporters.JUnitReportReporter -->
<testsuite hostname="DESKTOP-6UE9M26" failures="0" tests="1" name="bank.bank.AppTest" time="0.015" errors="0" timestamp="2021-12-19T14:43:22 IST" skipped="0">
  <testcase classname="bank.bank.AppTest" name="shouldAnswerWithTrue" time="0.015"/>
  <system-out/>
</testsuite> <!-- bank.bank.AppTest -->
